[1.761s] Invoking command in '/home/gusta/balbino_eufs/eufs_sim/eufs_rqt': AMENT_PREFIX_PATH=/home/gusta/balbino_eufs/install/eufs_msgs:${AMENT_PREFIX_PATH} CMAKE_PREFIX_PATH=/home/gusta/balbino_eufs/install/eufs_msgs LD_LIBRARY_PATH=/home/gusta/balbino_eufs/install/eufs_msgs/lib:${LD_LIBRARY_PATH} PYTHONPATH=/home/gusta/balbino_eufs/build/eufs_rqt/prefix_override:/home/gusta/balbino_eufs/install/eufs_rqt/lib/python3.10/site-packages:/home/gusta/balbino_eufs/install/eufs_msgs/local/lib/python3.10/dist-packages:${PYTHONPATH} /usr/bin/python3 setup.py egg_info --egg-base ../../build/eufs_rqt build --build-base /home/gusta/balbino_eufs/build/eufs_rqt/build install --record /home/gusta/balbino_eufs/build/eufs_rqt/install.log --single-version-externally-managed
[2.043s] running egg_info
[2.044s] creating ../../build/eufs_rqt/eufs_rqt.egg-info
[2.044s] writing ../../build/eufs_rqt/eufs_rqt.egg-info/PKG-INFO
[2.044s] writing dependency_links to ../../build/eufs_rqt/eufs_rqt.egg-info/dependency_links.txt
[2.045s] writing requirements to ../../build/eufs_rqt/eufs_rqt.egg-info/requires.txt
[2.045s] writing top-level names to ../../build/eufs_rqt/eufs_rqt.egg-info/top_level.txt
[2.045s] writing manifest file '../../build/eufs_rqt/eufs_rqt.egg-info/SOURCES.txt'
[2.048s] reading manifest file '../../build/eufs_rqt/eufs_rqt.egg-info/SOURCES.txt'
[2.048s] adding license file 'LICENSE'
[2.049s] writing manifest file '../../build/eufs_rqt/eufs_rqt.egg-info/SOURCES.txt'
[2.049s] running build
[2.050s] running build_py
[2.050s] creating /home/gusta/balbino_eufs/build/eufs_rqt/build
[2.050s] creating /home/gusta/balbino_eufs/build/eufs_rqt/build/lib
[2.051s] creating /home/gusta/balbino_eufs/build/eufs_rqt/build/lib/eufs_rqt
[2.052s] copying src/eufs_rqt/EUFSRobotSteeringGUI.py -> /home/gusta/balbino_eufs/build/eufs_rqt/build/lib/eufs_rqt
[2.053s] copying src/eufs_rqt/MissionControlGUI.py -> /home/gusta/balbino_eufs/build/eufs_rqt/build/lib/eufs_rqt
[2.055s] copying src/eufs_rqt/__init__.py -> /home/gusta/balbino_eufs/build/eufs_rqt/build/lib/eufs_rqt
[2.055s] running build_scripts
[2.055s] creating /home/gusta/balbino_eufs/build/eufs_rqt/build/scripts-3.10
[2.056s] copying and adjusting scripts/eufs_robot_steering_gui -> /home/gusta/balbino_eufs/build/eufs_rqt/build/scripts-3.10
[2.056s] copying and adjusting scripts/mission_control_gui -> /home/gusta/balbino_eufs/build/eufs_rqt/build/scripts-3.10
[2.057s] changing mode of /home/gusta/balbino_eufs/build/eufs_rqt/build/scripts-3.10/eufs_robot_steering_gui from 644 to 755
[2.057s] changing mode of /home/gusta/balbino_eufs/build/eufs_rqt/build/scripts-3.10/mission_control_gui from 644 to 755
[2.057s] running install
[2.057s] running install_lib
[2.058s] creating /home/gusta/balbino_eufs/install/eufs_rqt/lib/python3.10/site-packages/eufs_rqt
[2.058s] copying /home/gusta/balbino_eufs/build/eufs_rqt/build/lib/eufs_rqt/EUFSRobotSteeringGUI.py -> /home/gusta/balbino_eufs/install/eufs_rqt/lib/python3.10/site-packages/eufs_rqt
[2.059s] copying /home/gusta/balbino_eufs/build/eufs_rqt/build/lib/eufs_rqt/MissionControlGUI.py -> /home/gusta/balbino_eufs/install/eufs_rqt/lib/python3.10/site-packages/eufs_rqt
[2.059s] copying /home/gusta/balbino_eufs/build/eufs_rqt/build/lib/eufs_rqt/__init__.py -> /home/gusta/balbino_eufs/install/eufs_rqt/lib/python3.10/site-packages/eufs_rqt
[2.059s] byte-compiling /home/gusta/balbino_eufs/install/eufs_rqt/lib/python3.10/site-packages/eufs_rqt/EUFSRobotSteeringGUI.py to EUFSRobotSteeringGUI.cpython-310.pyc
[2.062s] byte-compiling /home/gusta/balbino_eufs/install/eufs_rqt/lib/python3.10/site-packages/eufs_rqt/MissionControlGUI.py to MissionControlGUI.cpython-310.pyc
[2.064s] byte-compiling /home/gusta/balbino_eufs/install/eufs_rqt/lib/python3.10/site-packages/eufs_rqt/__init__.py to __init__.cpython-310.pyc
[2.064s] running install_data
[2.065s] creating /home/gusta/balbino_eufs/install/eufs_rqt/share/eufs_rqt/config
[2.065s] copying config/eufs_sim.perspective -> /home/gusta/balbino_eufs/install/eufs_rqt/share/eufs_rqt/config
[2.065s] creating /home/gusta/balbino_eufs/install/eufs_rqt/share/eufs_rqt/resource
[2.066s] copying resource/EUFSRobotSteeringGUI.ui -> /home/gusta/balbino_eufs/install/eufs_rqt/share/eufs_rqt/resource
[2.067s] copying resource/MissionControlGUI.ui -> /home/gusta/balbino_eufs/install/eufs_rqt/share/eufs_rqt/resource
[2.068s] copying plugin.xml -> /home/gusta/balbino_eufs/install/eufs_rqt/share/eufs_rqt
[2.069s] creating /home/gusta/balbino_eufs/install/eufs_rqt/share/ament_index
[2.069s] creating /home/gusta/balbino_eufs/install/eufs_rqt/share/ament_index/resource_index
[2.070s] creating /home/gusta/balbino_eufs/install/eufs_rqt/share/ament_index/resource_index/packages
[2.071s] copying resource/eufs_rqt -> /home/gusta/balbino_eufs/install/eufs_rqt/share/ament_index/resource_index/packages
[2.071s] copying package.xml -> /home/gusta/balbino_eufs/install/eufs_rqt/share/eufs_rqt
[2.072s] running install_egg_info
[2.074s] Copying ../../build/eufs_rqt/eufs_rqt.egg-info to /home/gusta/balbino_eufs/install/eufs_rqt/lib/python3.10/site-packages/eufs_rqt-2.0.0-py3.10.egg-info
[2.075s] running install_scripts
[2.096s] creating /home/gusta/balbino_eufs/install/eufs_rqt/lib/eufs_rqt
[2.096s] copying /home/gusta/balbino_eufs/build/eufs_rqt/build/scripts-3.10/eufs_robot_steering_gui -> /home/gusta/balbino_eufs/install/eufs_rqt/lib/eufs_rqt
[2.096s] copying /home/gusta/balbino_eufs/build/eufs_rqt/build/scripts-3.10/mission_control_gui -> /home/gusta/balbino_eufs/install/eufs_rqt/lib/eufs_rqt
[2.097s] changing mode of /home/gusta/balbino_eufs/install/eufs_rqt/lib/eufs_rqt/eufs_robot_steering_gui to 755
[2.097s] changing mode of /home/gusta/balbino_eufs/install/eufs_rqt/lib/eufs_rqt/mission_control_gui to 755
[2.098s] writing list of installed files to '/home/gusta/balbino_eufs/build/eufs_rqt/install.log'
[2.142s] Invoked command in '/home/gusta/balbino_eufs/eufs_sim/eufs_rqt' returned '0': AMENT_PREFIX_PATH=/home/gusta/balbino_eufs/install/eufs_msgs:${AMENT_PREFIX_PATH} CMAKE_PREFIX_PATH=/home/gusta/balbino_eufs/install/eufs_msgs LD_LIBRARY_PATH=/home/gusta/balbino_eufs/install/eufs_msgs/lib:${LD_LIBRARY_PATH} PYTHONPATH=/home/gusta/balbino_eufs/build/eufs_rqt/prefix_override:/home/gusta/balbino_eufs/install/eufs_rqt/lib/python3.10/site-packages:/home/gusta/balbino_eufs/install/eufs_msgs/local/lib/python3.10/dist-packages:${PYTHONPATH} /usr/bin/python3 setup.py egg_info --egg-base ../../build/eufs_rqt build --build-base /home/gusta/balbino_eufs/build/eufs_rqt/build install --record /home/gusta/balbino_eufs/build/eufs_rqt/install.log --single-version-externally-managed
