running egg_info
creating ../../build/eufs_launcher/eufs_launcher.egg-info
writing ../../build/eufs_launcher/eufs_launcher.egg-info/PKG-INFO
writing dependency_links to ../../build/eufs_launcher/eufs_launcher.egg-info/dependency_links.txt
writing requirements to ../../build/eufs_launcher/eufs_launcher.egg-info/requires.txt
writing top-level names to ../../build/eufs_launcher/eufs_launcher.egg-info/top_level.txt
writing manifest file '../../build/eufs_launcher/eufs_launcher.egg-info/SOURCES.txt'
reading manifest file '../../build/eufs_launcher/eufs_launcher.egg-info/SOURCES.txt'
writing manifest file '../../build/eufs_launcher/eufs_launcher.egg-info/SOURCES.txt'
running build
running build_py
creating /home/gusta/balbino_eufs/build/eufs_launcher/build
creating /home/gusta/balbino_eufs/build/eufs_launcher/build/lib
creating /home/gusta/balbino_eufs/build/eufs_launcher/build/lib/eufs_launcher
copying src/eufs_launcher/LauncherModule.py -> /home/gusta/balbino_eufs/build/eufs_launcher/build/lib/eufs_launcher
copying src/eufs_launcher/__init__.py -> /home/gusta/balbino_eufs/build/eufs_launcher/build/lib/eufs_launcher
running build_scripts
creating /home/gusta/balbino_eufs/build/eufs_launcher/build/scripts-3.10
copying and adjusting scripts/eufs_launcher -> /home/gusta/balbino_eufs/build/eufs_launcher/build/scripts-3.10
changing mode of /home/gusta/balbino_eufs/build/eufs_launcher/build/scripts-3.10/eufs_launcher from 644 to 755
running install
running install_lib
creating /home/gusta/balbino_eufs/install/eufs_launcher/lib/python3.10/site-packages/eufs_launcher
copying /home/gusta/balbino_eufs/build/eufs_launcher/build/lib/eufs_launcher/LauncherModule.py -> /home/gusta/balbino_eufs/install/eufs_launcher/lib/python3.10/site-packages/eufs_launcher
copying /home/gusta/balbino_eufs/build/eufs_launcher/build/lib/eufs_launcher/__init__.py -> /home/gusta/balbino_eufs/install/eufs_launcher/lib/python3.10/site-packages/eufs_launcher
byte-compiling /home/gusta/balbino_eufs/install/eufs_launcher/lib/python3.10/site-packages/eufs_launcher/LauncherModule.py to LauncherModule.cpython-310.pyc
byte-compiling /home/gusta/balbino_eufs/install/eufs_launcher/lib/python3.10/site-packages/eufs_launcher/__init__.py to __init__.cpython-310.pyc
running install_data
copying launch/simulation.launch.py -> /home/gusta/balbino_eufs/install/eufs_launcher/share/eufs_launcher
copying launch/eufs_launcher.launch.py -> /home/gusta/balbino_eufs/install/eufs_launcher/share/eufs_launcher
creating /home/gusta/balbino_eufs/install/eufs_launcher/share/eufs_launcher/config
copying config/eufs_launcher.yaml -> /home/gusta/balbino_eufs/install/eufs_launcher/share/eufs_launcher/config
copying config/default.rviz -> /home/gusta/balbino_eufs/install/eufs_launcher/share/eufs_launcher/config
creating /home/gusta/balbino_eufs/install/eufs_launcher/share/eufs_launcher/resource
copying resource/launcher.ui -> /home/gusta/balbino_eufs/install/eufs_launcher/share/eufs_launcher/resource
copying plugin.xml -> /home/gusta/balbino_eufs/install/eufs_launcher/share/eufs_launcher
copying package.xml -> /home/gusta/balbino_eufs/install/eufs_launcher/share/eufs_launcher
creating /home/gusta/balbino_eufs/install/eufs_launcher/share/ament_index
creating /home/gusta/balbino_eufs/install/eufs_launcher/share/ament_index/resource_index
creating /home/gusta/balbino_eufs/install/eufs_launcher/share/ament_index/resource_index/packages
copying resource/eufs_launcher -> /home/gusta/balbino_eufs/install/eufs_launcher/share/ament_index/resource_index/packages
running install_egg_info
Copying ../../build/eufs_launcher/eufs_launcher.egg-info to /home/gusta/balbino_eufs/install/eufs_launcher/lib/python3.10/site-packages/eufs_launcher-2.0.0-py3.10.egg-info
running install_scripts
creating /home/gusta/balbino_eufs/install/eufs_launcher/lib/eufs_launcher
copying /home/gusta/balbino_eufs/build/eufs_launcher/build/scripts-3.10/eufs_launcher -> /home/gusta/balbino_eufs/install/eufs_launcher/lib/eufs_launcher
changing mode of /home/gusta/balbino_eufs/install/eufs_launcher/lib/eufs_launcher/eufs_launcher to 755
writing list of installed files to '/home/gusta/balbino_eufs/build/eufs_launcher/install.log'
