[1.721s] Invoking command in '/home/gusta/balbino_eufs/eufs_sim/eufs_launcher': AMENT_PREFIX_PATH=/home/gusta/balbino_eufs/install/eufs_tracks:${AMENT_PREFIX_PATH} PYTHONPATH=/home/gusta/balbino_eufs/build/eufs_launcher/prefix_override:/home/gusta/balbino_eufs/install/eufs_launcher/lib/python3.10/site-packages:/home/gusta/balbino_eufs/install/eufs_tracks/lib/python3.10/site-packages:${PYTHONPATH} /usr/bin/python3 setup.py egg_info --egg-base ../../build/eufs_launcher build --build-base /home/gusta/balbino_eufs/build/eufs_launcher/build install --record /home/gusta/balbino_eufs/build/eufs_launcher/install.log --single-version-externally-managed
[2.032s] running egg_info
[2.032s] creating ../../build/eufs_launcher/eufs_launcher.egg-info
[2.033s] writing ../../build/eufs_launcher/eufs_launcher.egg-info/PKG-INFO
[2.033s] writing dependency_links to ../../build/eufs_launcher/eufs_launcher.egg-info/dependency_links.txt
[2.033s] writing requirements to ../../build/eufs_launcher/eufs_launcher.egg-info/requires.txt
[2.034s] writing top-level names to ../../build/eufs_launcher/eufs_launcher.egg-info/top_level.txt
[2.035s] writing manifest file '../../build/eufs_launcher/eufs_launcher.egg-info/SOURCES.txt'
[2.041s] reading manifest file '../../build/eufs_launcher/eufs_launcher.egg-info/SOURCES.txt'
[2.043s] writing manifest file '../../build/eufs_launcher/eufs_launcher.egg-info/SOURCES.txt'
[2.043s] running build
[2.043s] running build_py
[2.043s] creating /home/gusta/balbino_eufs/build/eufs_launcher/build
[2.043s] creating /home/gusta/balbino_eufs/build/eufs_launcher/build/lib
[2.043s] creating /home/gusta/balbino_eufs/build/eufs_launcher/build/lib/eufs_launcher
[2.044s] copying src/eufs_launcher/LauncherModule.py -> /home/gusta/balbino_eufs/build/eufs_launcher/build/lib/eufs_launcher
[2.044s] copying src/eufs_launcher/__init__.py -> /home/gusta/balbino_eufs/build/eufs_launcher/build/lib/eufs_launcher
[2.045s] running build_scripts
[2.045s] creating /home/gusta/balbino_eufs/build/eufs_launcher/build/scripts-3.10
[2.045s] copying and adjusting scripts/eufs_launcher -> /home/gusta/balbino_eufs/build/eufs_launcher/build/scripts-3.10
[2.046s] changing mode of /home/gusta/balbino_eufs/build/eufs_launcher/build/scripts-3.10/eufs_launcher from 644 to 755
[2.046s] running install
[2.046s] running install_lib
[2.047s] creating /home/gusta/balbino_eufs/install/eufs_launcher/lib/python3.10/site-packages/eufs_launcher
[2.048s] copying /home/gusta/balbino_eufs/build/eufs_launcher/build/lib/eufs_launcher/LauncherModule.py -> /home/gusta/balbino_eufs/install/eufs_launcher/lib/python3.10/site-packages/eufs_launcher
[2.048s] copying /home/gusta/balbino_eufs/build/eufs_launcher/build/lib/eufs_launcher/__init__.py -> /home/gusta/balbino_eufs/install/eufs_launcher/lib/python3.10/site-packages/eufs_launcher
[2.049s] byte-compiling /home/gusta/balbino_eufs/install/eufs_launcher/lib/python3.10/site-packages/eufs_launcher/LauncherModule.py to LauncherModule.cpython-310.pyc
[2.051s] byte-compiling /home/gusta/balbino_eufs/install/eufs_launcher/lib/python3.10/site-packages/eufs_launcher/__init__.py to __init__.cpython-310.pyc
[2.051s] running install_data
[2.052s] copying launch/simulation.launch.py -> /home/gusta/balbino_eufs/install/eufs_launcher/share/eufs_launcher
[2.053s] copying launch/eufs_launcher.launch.py -> /home/gusta/balbino_eufs/install/eufs_launcher/share/eufs_launcher
[2.054s] creating /home/gusta/balbino_eufs/install/eufs_launcher/share/eufs_launcher/config
[2.055s] copying config/eufs_launcher.yaml -> /home/gusta/balbino_eufs/install/eufs_launcher/share/eufs_launcher/config
[2.056s] copying config/default.rviz -> /home/gusta/balbino_eufs/install/eufs_launcher/share/eufs_launcher/config
[2.057s] creating /home/gusta/balbino_eufs/install/eufs_launcher/share/eufs_launcher/resource
[2.058s] copying resource/launcher.ui -> /home/gusta/balbino_eufs/install/eufs_launcher/share/eufs_launcher/resource
[2.058s] copying plugin.xml -> /home/gusta/balbino_eufs/install/eufs_launcher/share/eufs_launcher
[2.059s] copying package.xml -> /home/gusta/balbino_eufs/install/eufs_launcher/share/eufs_launcher
[2.059s] creating /home/gusta/balbino_eufs/install/eufs_launcher/share/ament_index
[2.059s] creating /home/gusta/balbino_eufs/install/eufs_launcher/share/ament_index/resource_index
[2.059s] creating /home/gusta/balbino_eufs/install/eufs_launcher/share/ament_index/resource_index/packages
[2.060s] copying resource/eufs_launcher -> /home/gusta/balbino_eufs/install/eufs_launcher/share/ament_index/resource_index/packages
[2.060s] running install_egg_info
[2.062s] Copying ../../build/eufs_launcher/eufs_launcher.egg-info to /home/gusta/balbino_eufs/install/eufs_launcher/lib/python3.10/site-packages/eufs_launcher-2.0.0-py3.10.egg-info
[2.063s] running install_scripts
[2.084s] creating /home/gusta/balbino_eufs/install/eufs_launcher/lib/eufs_launcher
[2.084s] copying /home/gusta/balbino_eufs/build/eufs_launcher/build/scripts-3.10/eufs_launcher -> /home/gusta/balbino_eufs/install/eufs_launcher/lib/eufs_launcher
[2.085s] changing mode of /home/gusta/balbino_eufs/install/eufs_launcher/lib/eufs_launcher/eufs_launcher to 755
[2.087s] writing list of installed files to '/home/gusta/balbino_eufs/build/eufs_launcher/install.log'
[2.139s] Invoked command in '/home/gusta/balbino_eufs/eufs_sim/eufs_launcher' returned '0': AMENT_PREFIX_PATH=/home/gusta/balbino_eufs/install/eufs_tracks:${AMENT_PREFIX_PATH} PYTHONPATH=/home/gusta/balbino_eufs/build/eufs_launcher/prefix_override:/home/gusta/balbino_eufs/install/eufs_launcher/lib/python3.10/site-packages:/home/gusta/balbino_eufs/install/eufs_tracks/lib/python3.10/site-packages:${PYTHONPATH} /usr/bin/python3 setup.py egg_info --egg-base ../../build/eufs_launcher build --build-base /home/gusta/balbino_eufs/build/eufs_launcher/build install --record /home/gusta/balbino_eufs/build/eufs_launcher/install.log --single-version-externally-managed
