/home/gusta/balbino_eufs/install/eufs_racecar/share/ament_index/resource_index/packages/eufs_racecar
/home/gusta/balbino_eufs/install/eufs_racecar/share/eufs_racecar/package.xml
/home/gusta/balbino_eufs/install/eufs_racecar/share/eufs_racecar/meshes/ads_dv_chassis.dae
/home/gusta/balbino_eufs/install/eufs_racecar/share/eufs_racecar/meshes/sisu-20d.dae
/home/gusta/balbino_eufs/install/eufs_racecar/share/eufs_racecar/meshes/ads_wheel_right.dae
/home/gusta/balbino_eufs/install/eufs_racecar/share/eufs_racecar/meshes/wheel_left.dae
/home/gusta/balbino_eufs/install/eufs_racecar/share/eufs_racecar/meshes/ads_wheel_left.dae
/home/gusta/balbino_eufs/install/eufs_racecar/share/eufs_racecar/meshes/wheel_right.dae
/home/gusta/balbino_eufs/install/eufs_racecar/share/eufs_racecar/urdf/eufs_base.urdf.xacro
/home/gusta/balbino_eufs/install/eufs_racecar/share/eufs_racecar/urdf/wheels.urdf.xacro
/home/gusta/balbino_eufs/install/eufs_racecar/share/eufs_racecar/launch/load_car.launch.py
/home/gusta/balbino_eufs/install/eufs_racecar/share/eufs_racecar/robots/eufs/configWet.yaml
/home/gusta/balbino_eufs/install/eufs_racecar/share/eufs_racecar/robots/eufs/robot.urdf.xacro
/home/gusta/balbino_eufs/install/eufs_racecar/share/eufs_racecar/robots/eufs/configDry.yaml
/home/gusta/balbino_eufs/install/eufs_racecar/share/eufs_racecar/robots/ads-dv/configWet.yaml
/home/gusta/balbino_eufs/install/eufs_racecar/share/eufs_racecar/robots/ads-dv/robot.urdf.xacro
/home/gusta/balbino_eufs/install/eufs_racecar/share/eufs_racecar/robots/ads-dv/configDry.yaml
/home/gusta/balbino_eufs/install/eufs_racecar/share/eufs_racecar/robots/ads-dv/ADS-DV Sensor Position.pdf
/home/gusta/balbino_eufs/install/eufs_racecar/lib/python3.10/site-packages/eufs_racecar-2.0.0-py3.10.egg-info/top_level.txt
/home/gusta/balbino_eufs/install/eufs_racecar/lib/python3.10/site-packages/eufs_racecar-2.0.0-py3.10.egg-info/SOURCES.txt
/home/gusta/balbino_eufs/install/eufs_racecar/lib/python3.10/site-packages/eufs_racecar-2.0.0-py3.10.egg-info/zip-safe
/home/gusta/balbino_eufs/install/eufs_racecar/lib/python3.10/site-packages/eufs_racecar-2.0.0-py3.10.egg-info/requires.txt
/home/gusta/balbino_eufs/install/eufs_racecar/lib/python3.10/site-packages/eufs_racecar-2.0.0-py3.10.egg-info/PKG-INFO
/home/gusta/balbino_eufs/install/eufs_racecar/lib/python3.10/site-packages/eufs_racecar-2.0.0-py3.10.egg-info/dependency_links.txt
