running egg_info
creating ../../build/eufs_racecar/eufs_racecar.egg-info
writing ../../build/eufs_racecar/eufs_racecar.egg-info/PKG-INFO
writing dependency_links to ../../build/eufs_racecar/eufs_racecar.egg-info/dependency_links.txt
writing requirements to ../../build/eufs_racecar/eufs_racecar.egg-info/requires.txt
writing top-level names to ../../build/eufs_racecar/eufs_racecar.egg-info/top_level.txt
writing manifest file '../../build/eufs_racecar/eufs_racecar.egg-info/SOURCES.txt'
reading manifest file '../../build/eufs_racecar/eufs_racecar.egg-info/SOURCES.txt'
writing manifest file '../../build/eufs_racecar/eufs_racecar.egg-info/SOURCES.txt'
running build
running install
running install_data
creating /home/gusta/balbino_eufs/install/eufs_racecar/share/ament_index
creating /home/gusta/balbino_eufs/install/eufs_racecar/share/ament_index/resource_index
creating /home/gusta/balbino_eufs/install/eufs_racecar/share/ament_index/resource_index/packages
copying resource/eufs_racecar -> /home/gusta/balbino_eufs/install/eufs_racecar/share/ament_index/resource_index/packages
copying package.xml -> /home/gusta/balbino_eufs/install/eufs_racecar/share/eufs_racecar
creating /home/gusta/balbino_eufs/install/eufs_racecar/share/eufs_racecar/meshes
copying meshes/ads_dv_chassis.dae -> /home/gusta/balbino_eufs/install/eufs_racecar/share/eufs_racecar/meshes
copying meshes/sisu-20d.dae -> /home/gusta/balbino_eufs/install/eufs_racecar/share/eufs_racecar/meshes
copying meshes/ads_wheel_right.dae -> /home/gusta/balbino_eufs/install/eufs_racecar/share/eufs_racecar/meshes
copying meshes/wheel_left.dae -> /home/gusta/balbino_eufs/install/eufs_racecar/share/eufs_racecar/meshes
copying meshes/ads_wheel_left.dae -> /home/gusta/balbino_eufs/install/eufs_racecar/share/eufs_racecar/meshes
copying meshes/wheel_right.dae -> /home/gusta/balbino_eufs/install/eufs_racecar/share/eufs_racecar/meshes
creating /home/gusta/balbino_eufs/install/eufs_racecar/share/eufs_racecar/urdf
copying urdf/eufs_base.urdf.xacro -> /home/gusta/balbino_eufs/install/eufs_racecar/share/eufs_racecar/urdf
copying urdf/wheels.urdf.xacro -> /home/gusta/balbino_eufs/install/eufs_racecar/share/eufs_racecar/urdf
creating /home/gusta/balbino_eufs/install/eufs_racecar/share/eufs_racecar/launch
copying launch/load_car.launch.py -> /home/gusta/balbino_eufs/install/eufs_racecar/share/eufs_racecar/launch
creating /home/gusta/balbino_eufs/install/eufs_racecar/share/eufs_racecar/robots
creating /home/gusta/balbino_eufs/install/eufs_racecar/share/eufs_racecar/robots/eufs
copying robots/eufs/configWet.yaml -> /home/gusta/balbino_eufs/install/eufs_racecar/share/eufs_racecar/robots/eufs
copying robots/eufs/robot.urdf.xacro -> /home/gusta/balbino_eufs/install/eufs_racecar/share/eufs_racecar/robots/eufs
copying robots/eufs/configDry.yaml -> /home/gusta/balbino_eufs/install/eufs_racecar/share/eufs_racecar/robots/eufs
creating /home/gusta/balbino_eufs/install/eufs_racecar/share/eufs_racecar/robots/ads-dv
copying robots/ads-dv/configWet.yaml -> /home/gusta/balbino_eufs/install/eufs_racecar/share/eufs_racecar/robots/ads-dv
copying robots/ads-dv/robot.urdf.xacro -> /home/gusta/balbino_eufs/install/eufs_racecar/share/eufs_racecar/robots/ads-dv
copying robots/ads-dv/configDry.yaml -> /home/gusta/balbino_eufs/install/eufs_racecar/share/eufs_racecar/robots/ads-dv
copying robots/ads-dv/ADS-DV Sensor Position.pdf -> /home/gusta/balbino_eufs/install/eufs_racecar/share/eufs_racecar/robots/ads-dv
running install_egg_info
Copying ../../build/eufs_racecar/eufs_racecar.egg-info to /home/gusta/balbino_eufs/install/eufs_racecar/lib/python3.10/site-packages/eufs_racecar-2.0.0-py3.10.egg-info
running install_scripts
writing list of installed files to '/home/gusta/balbino_eufs/build/eufs_racecar/install.log'
