[1.258s] Invoking command in '/home/gusta/balbino_eufs/eufs_sim/eufs_racecar': PYTHONPATH=/home/gusta/balbino_eufs/build/eufs_racecar/prefix_override:/home/gusta/balbino_eufs/install/eufs_racecar/lib/python3.10/site-packages:${PYTHONPATH} /usr/bin/python3 setup.py egg_info --egg-base ../../build/eufs_racecar build --build-base /home/gusta/balbino_eufs/build/eufs_racecar/build install --record /home/gusta/balbino_eufs/build/eufs_racecar/install.log --single-version-externally-managed
[1.560s] running egg_info
[1.561s] creating ../../build/eufs_racecar/eufs_racecar.egg-info
[1.561s] writing ../../build/eufs_racecar/eufs_racecar.egg-info/PKG-INFO
[1.562s] writing dependency_links to ../../build/eufs_racecar/eufs_racecar.egg-info/dependency_links.txt
[1.562s] writing requirements to ../../build/eufs_racecar/eufs_racecar.egg-info/requires.txt
[1.562s] writing top-level names to ../../build/eufs_racecar/eufs_racecar.egg-info/top_level.txt
[1.562s] writing manifest file '../../build/eufs_racecar/eufs_racecar.egg-info/SOURCES.txt'
[1.564s] reading manifest file '../../build/eufs_racecar/eufs_racecar.egg-info/SOURCES.txt'
[1.565s] writing manifest file '../../build/eufs_racecar/eufs_racecar.egg-info/SOURCES.txt'
[1.566s] running build
[1.566s] running install
[1.566s] running install_data
[1.569s] creating /home/gusta/balbino_eufs/install/eufs_racecar/share/ament_index
[1.571s] creating /home/gusta/balbino_eufs/install/eufs_racecar/share/ament_index/resource_index
[1.571s] creating /home/gusta/balbino_eufs/install/eufs_racecar/share/ament_index/resource_index/packages
[1.571s] copying resource/eufs_racecar -> /home/gusta/balbino_eufs/install/eufs_racecar/share/ament_index/resource_index/packages
[1.572s] copying package.xml -> /home/gusta/balbino_eufs/install/eufs_racecar/share/eufs_racecar
[1.572s] creating /home/gusta/balbino_eufs/install/eufs_racecar/share/eufs_racecar/meshes
[1.572s] copying meshes/ads_dv_chassis.dae -> /home/gusta/balbino_eufs/install/eufs_racecar/share/eufs_racecar/meshes
[1.587s] copying meshes/sisu-20d.dae -> /home/gusta/balbino_eufs/install/eufs_racecar/share/eufs_racecar/meshes
[1.638s] copying meshes/ads_wheel_right.dae -> /home/gusta/balbino_eufs/install/eufs_racecar/share/eufs_racecar/meshes
[1.658s] copying meshes/wheel_left.dae -> /home/gusta/balbino_eufs/install/eufs_racecar/share/eufs_racecar/meshes
[1.662s] copying meshes/ads_wheel_left.dae -> /home/gusta/balbino_eufs/install/eufs_racecar/share/eufs_racecar/meshes
[1.680s] copying meshes/wheel_right.dae -> /home/gusta/balbino_eufs/install/eufs_racecar/share/eufs_racecar/meshes
[1.686s] creating /home/gusta/balbino_eufs/install/eufs_racecar/share/eufs_racecar/urdf
[1.686s] copying urdf/eufs_base.urdf.xacro -> /home/gusta/balbino_eufs/install/eufs_racecar/share/eufs_racecar/urdf
[1.688s] copying urdf/wheels.urdf.xacro -> /home/gusta/balbino_eufs/install/eufs_racecar/share/eufs_racecar/urdf
[1.688s] creating /home/gusta/balbino_eufs/install/eufs_racecar/share/eufs_racecar/launch
[1.688s] copying launch/load_car.launch.py -> /home/gusta/balbino_eufs/install/eufs_racecar/share/eufs_racecar/launch
[1.689s] creating /home/gusta/balbino_eufs/install/eufs_racecar/share/eufs_racecar/robots
[1.690s] creating /home/gusta/balbino_eufs/install/eufs_racecar/share/eufs_racecar/robots/eufs
[1.690s] copying robots/eufs/configWet.yaml -> /home/gusta/balbino_eufs/install/eufs_racecar/share/eufs_racecar/robots/eufs
[1.690s] copying robots/eufs/robot.urdf.xacro -> /home/gusta/balbino_eufs/install/eufs_racecar/share/eufs_racecar/robots/eufs
[1.691s] copying robots/eufs/configDry.yaml -> /home/gusta/balbino_eufs/install/eufs_racecar/share/eufs_racecar/robots/eufs
[1.691s] creating /home/gusta/balbino_eufs/install/eufs_racecar/share/eufs_racecar/robots/ads-dv
[1.692s] copying robots/ads-dv/configWet.yaml -> /home/gusta/balbino_eufs/install/eufs_racecar/share/eufs_racecar/robots/ads-dv
[1.692s] copying robots/ads-dv/robot.urdf.xacro -> /home/gusta/balbino_eufs/install/eufs_racecar/share/eufs_racecar/robots/ads-dv
[1.693s] copying robots/ads-dv/configDry.yaml -> /home/gusta/balbino_eufs/install/eufs_racecar/share/eufs_racecar/robots/ads-dv
[1.693s] copying robots/ads-dv/ADS-DV Sensor Position.pdf -> /home/gusta/balbino_eufs/install/eufs_racecar/share/eufs_racecar/robots/ads-dv
[1.700s] running install_egg_info
[1.706s] Copying ../../build/eufs_racecar/eufs_racecar.egg-info to /home/gusta/balbino_eufs/install/eufs_racecar/lib/python3.10/site-packages/eufs_racecar-2.0.0-py3.10.egg-info
[1.708s] running install_scripts
[1.754s] writing list of installed files to '/home/gusta/balbino_eufs/build/eufs_racecar/install.log'
[1.855s] Invoked command in '/home/gusta/balbino_eufs/eufs_sim/eufs_racecar' returned '0': PYTHONPATH=/home/gusta/balbino_eufs/build/eufs_racecar/prefix_override:/home/gusta/balbino_eufs/install/eufs_racecar/lib/python3.10/site-packages:${PYTHONPATH} /usr/bin/python3 setup.py egg_info --egg-base ../../build/eufs_racecar build --build-base /home/gusta/balbino_eufs/build/eufs_racecar/build install --record /home/gusta/balbino_eufs/build/eufs_racecar/install.log --single-version-externally-managed
