[0.415s] Invoking command in '/home/gusta/balbino_eufs/build/eufs_models': AMENT_PREFIX_PATH=/home/gusta/balbino_eufs/install/eufs_msgs:${AMENT_PREFIX_PATH} CMAKE_PREFIX_PATH=/home/gusta/balbino_eufs/install/eufs_msgs:/opt/ros/humble LD_LIBRARY_PATH=/home/gusta/balbino_eufs/install/eufs_msgs/lib:${LD_LIBRARY_PATH} PYTHONPATH=/home/gusta/balbino_eufs/install/eufs_msgs/local/lib/python3.10/dist-packages:${PYTHONPATH} /usr/bin/cmake /home/gusta/balbino_eufs/eufs_sim/eufs_models -DCMAKE_INSTALL_PREFIX=/home/gusta/balbino_eufs/install/eufs_models
[0.886s] -- The C compiler identification is GNU 11.3.0
[2.857s] -- The CXX compiler identification is GNU 11.3.0
[3.842s] -- Detecting C compiler ABI info
[4.075s] -- Detecting C compiler ABI info - done
[4.081s] -- Check for working C compiler: /usr/bin/cc - skipped
[4.081s] -- Detecting C compile features
[4.081s] -- Detecting C compile features - done
[4.083s] -- Detecting CXX compiler ABI info
[4.366s] -- Detecting CXX compiler ABI info - done
[4.373s] -- Check for working CXX compiler: /usr/bin/c++ - skipped
[4.373s] -- Detecting CXX compile features
[4.374s] -- Detecting CXX compile features - done
[4.375s] -- Found ament_cmake: 1.3.3 (/opt/ros/humble/share/ament_cmake/cmake)
[4.557s] -- Found Python3: /usr/bin/python3.10 (found version "3.10.6") found components: Interpreter 
[4.642s] -- Found eufs_msgs: 0.0.0 (/home/gusta/balbino_eufs/install/eufs_msgs/share/eufs_msgs/cmake)
[5.029s] -- Found rosidl_generator_c: 3.1.4 (/opt/ros/humble/share/rosidl_generator_c/cmake)
[5.032s] -- Found rosidl_adapter: 3.1.4 (/opt/ros/humble/share/rosidl_adapter/cmake)
[5.041s] -- Found rosidl_generator_cpp: 3.1.4 (/opt/ros/humble/share/rosidl_generator_cpp/cmake)
[5.052s] -- Using all available rosidl_typesupport_c: rosidl_typesupport_fastrtps_c;rosidl_typesupport_introspection_c
[5.067s] -- Using all available rosidl_typesupport_cpp: rosidl_typesupport_fastrtps_cpp;rosidl_typesupport_introspection_cpp
[5.400s] -- Configuring done
[5.409s] -- Generating done
[5.410s] -- Build files have been written to: /home/gusta/balbino_eufs/build/eufs_models
[5.419s] Invoked command in '/home/gusta/balbino_eufs/build/eufs_models' returned '0': AMENT_PREFIX_PATH=/home/gusta/balbino_eufs/install/eufs_msgs:${AMENT_PREFIX_PATH} CMAKE_PREFIX_PATH=/home/gusta/balbino_eufs/install/eufs_msgs:/opt/ros/humble LD_LIBRARY_PATH=/home/gusta/balbino_eufs/install/eufs_msgs/lib:${LD_LIBRARY_PATH} PYTHONPATH=/home/gusta/balbino_eufs/install/eufs_msgs/local/lib/python3.10/dist-packages:${PYTHONPATH} /usr/bin/cmake /home/gusta/balbino_eufs/eufs_sim/eufs_models -DCMAKE_INSTALL_PREFIX=/home/gusta/balbino_eufs/install/eufs_models
[5.422s] Invoking command in '/home/gusta/balbino_eufs/build/eufs_models': AMENT_PREFIX_PATH=/home/gusta/balbino_eufs/install/eufs_msgs:${AMENT_PREFIX_PATH} CMAKE_PREFIX_PATH=/home/gusta/balbino_eufs/install/eufs_msgs:/opt/ros/humble LD_LIBRARY_PATH=/home/gusta/balbino_eufs/install/eufs_msgs/lib:${LD_LIBRARY_PATH} PYTHONPATH=/home/gusta/balbino_eufs/install/eufs_msgs/local/lib/python3.10/dist-packages:${PYTHONPATH} /usr/bin/cmake --build /home/gusta/balbino_eufs/build/eufs_models -- -j4 -l4
[5.460s] [ 75%] [32mBuilding CXX object CMakeFiles/eufs_models.dir/src/dynamic_bicycle.cpp.o[0m
[5.460s] [ 75%] [32mBuilding CXX object CMakeFiles/eufs_models.dir/src/point_mass.cpp.o[0m
[5.460s] [ 75%] [32mBuilding CXX object CMakeFiles/eufs_models.dir/src/vehicle_model.cpp.o[0m
[6.598s] [100%] [32m[1mLinking CXX static library libeufs_models.a[0m
[7.016s] [100%] Built target eufs_models
[7.027s] Invoked command in '/home/gusta/balbino_eufs/build/eufs_models' returned '0': AMENT_PREFIX_PATH=/home/gusta/balbino_eufs/install/eufs_msgs:${AMENT_PREFIX_PATH} CMAKE_PREFIX_PATH=/home/gusta/balbino_eufs/install/eufs_msgs:/opt/ros/humble LD_LIBRARY_PATH=/home/gusta/balbino_eufs/install/eufs_msgs/lib:${LD_LIBRARY_PATH} PYTHONPATH=/home/gusta/balbino_eufs/install/eufs_msgs/local/lib/python3.10/dist-packages:${PYTHONPATH} /usr/bin/cmake --build /home/gusta/balbino_eufs/build/eufs_models -- -j4 -l4
[7.052s] Invoking command in '/home/gusta/balbino_eufs/build/eufs_models': AMENT_PREFIX_PATH=/home/gusta/balbino_eufs/install/eufs_msgs:${AMENT_PREFIX_PATH} CMAKE_PREFIX_PATH=/home/gusta/balbino_eufs/install/eufs_msgs:/opt/ros/humble LD_LIBRARY_PATH=/home/gusta/balbino_eufs/install/eufs_msgs/lib:${LD_LIBRARY_PATH} PYTHONPATH=/home/gusta/balbino_eufs/install/eufs_msgs/local/lib/python3.10/dist-packages:${PYTHONPATH} /usr/bin/cmake --install /home/gusta/balbino_eufs/build/eufs_models
[7.058s] -- Install configuration: ""
[7.058s] -- Installing: /home/gusta/balbino_eufs/install/eufs_models/share/eufs_models/environment/library_path.sh
[7.058s] -- Installing: /home/gusta/balbino_eufs/install/eufs_models/share/eufs_models/environment/library_path.dsv
[7.058s] -- Installing: /home/gusta/balbino_eufs/install/eufs_models/include
[7.058s] -- Installing: /home/gusta/balbino_eufs/install/eufs_models/include/eufs_models
[7.059s] -- Installing: /home/gusta/balbino_eufs/install/eufs_models/include/eufs_models/vehicle_model.hpp
[7.059s] -- Installing: /home/gusta/balbino_eufs/install/eufs_models/include/eufs_models/eufs_models.hpp
[7.059s] -- Installing: /home/gusta/balbino_eufs/install/eufs_models/include/eufs_models/dynamic_bicycle.hpp
[7.059s] -- Installing: /home/gusta/balbino_eufs/install/eufs_models/include/eufs_models/vehicle_input.hpp
[7.060s] -- Installing: /home/gusta/balbino_eufs/install/eufs_models/include/eufs_models/point_mass.hpp
[7.060s] -- Installing: /home/gusta/balbino_eufs/install/eufs_models/include/eufs_models/noise.hpp
[7.060s] -- Installing: /home/gusta/balbino_eufs/install/eufs_models/include/eufs_models/vehicle_param.hpp
[7.060s] -- Installing: /home/gusta/balbino_eufs/install/eufs_models/include/eufs_models/vehicle_state.hpp
[7.060s] -- Installing: /home/gusta/balbino_eufs/install/eufs_models/lib/libeufs_models.a
[7.061s] -- Installing: /home/gusta/balbino_eufs/install/eufs_models/share/ament_index/resource_index/package_run_dependencies/eufs_models
[7.062s] -- Installing: /home/gusta/balbino_eufs/install/eufs_models/share/ament_index/resource_index/parent_prefix_path/eufs_models
[7.062s] -- Installing: /home/gusta/balbino_eufs/install/eufs_models/share/eufs_models/environment/ament_prefix_path.sh
[7.062s] -- Installing: /home/gusta/balbino_eufs/install/eufs_models/share/eufs_models/environment/ament_prefix_path.dsv
[7.062s] -- Installing: /home/gusta/balbino_eufs/install/eufs_models/share/eufs_models/environment/path.sh
[7.062s] -- Installing: /home/gusta/balbino_eufs/install/eufs_models/share/eufs_models/environment/path.dsv
[7.062s] -- Installing: /home/gusta/balbino_eufs/install/eufs_models/share/eufs_models/local_setup.bash
[7.063s] -- Installing: /home/gusta/balbino_eufs/install/eufs_models/share/eufs_models/local_setup.sh
[7.063s] -- Installing: /home/gusta/balbino_eufs/install/eufs_models/share/eufs_models/local_setup.zsh
[7.063s] -- Installing: /home/gusta/balbino_eufs/install/eufs_models/share/eufs_models/local_setup.dsv
[7.063s] -- Installing: /home/gusta/balbino_eufs/install/eufs_models/share/eufs_models/package.dsv
[7.063s] -- Installing: /home/gusta/balbino_eufs/install/eufs_models/share/ament_index/resource_index/packages/eufs_models
[7.064s] -- Installing: /home/gusta/balbino_eufs/install/eufs_models/share/eufs_models/cmake/export_eufs_modelsExport.cmake
[7.064s] -- Installing: /home/gusta/balbino_eufs/install/eufs_models/share/eufs_models/cmake/export_eufs_modelsExport-noconfig.cmake
[7.064s] -- Installing: /home/gusta/balbino_eufs/install/eufs_models/share/eufs_models/cmake/ament_cmake_export_include_directories-extras.cmake
[7.064s] -- Installing: /home/gusta/balbino_eufs/install/eufs_models/share/eufs_models/cmake/ament_cmake_export_libraries-extras.cmake
[7.064s] -- Installing: /home/gusta/balbino_eufs/install/eufs_models/share/eufs_models/cmake/ament_cmake_export_targets-extras.cmake
[7.064s] -- Installing: /home/gusta/balbino_eufs/install/eufs_models/share/eufs_models/cmake/ament_cmake_export_dependencies-extras.cmake
[7.064s] -- Installing: /home/gusta/balbino_eufs/install/eufs_models/share/eufs_models/cmake/eufs_modelsConfig.cmake
[7.064s] -- Installing: /home/gusta/balbino_eufs/install/eufs_models/share/eufs_models/cmake/eufs_modelsConfig-version.cmake
[7.065s] -- Installing: /home/gusta/balbino_eufs/install/eufs_models/share/eufs_models/package.xml
[7.065s] -- Installing: /home/gusta/balbino_eufs/install/eufs_models/share/eufs_models/models/models.txt
[7.065s] -- Installing: /home/gusta/balbino_eufs/install/eufs_models/share/eufs_models/config/noise.yaml
[7.071s] Invoked command in '/home/gusta/balbino_eufs/build/eufs_models' returned '0': AMENT_PREFIX_PATH=/home/gusta/balbino_eufs/install/eufs_msgs:${AMENT_PREFIX_PATH} CMAKE_PREFIX_PATH=/home/gusta/balbino_eufs/install/eufs_msgs:/opt/ros/humble LD_LIBRARY_PATH=/home/gusta/balbino_eufs/install/eufs_msgs/lib:${LD_LIBRARY_PATH} PYTHONPATH=/home/gusta/balbino_eufs/install/eufs_msgs/local/lib/python3.10/dist-packages:${PYTHONPATH} /usr/bin/cmake --install /home/gusta/balbino_eufs/build/eufs_models
